y38P1m1AwVUbl7X5Fq5hzkxwiNEsc0yYVAT3vZjRk+95L0iN++kSAbUpvCluhfgUEXhFFtavLDzxjukbi7ct6Wq++YkKtkB6yz0g5n8=
W+peThXbi1tLE1KkyDVyoSGQ4uspL6bHQRlkqxah5AqSyP/I9b52aejevOgLqOHhlY3UYAGhCPW+lN9R5gw=
rpYuYG41Snw2YWtWQMp/DQUvyJQsLwHYE1L5q5zRk+lIYRKc9eRTa/EjqzliqLYcHDFBFPajOjzxjukbi7cr6Wq++YkKtkB6yz0g5n8=
+f47fprNhhChm60dynhqvUv8zFZjXtapqTtZCNwQWPSbs79yxWOzZ1Qyoqo/QvnWmd02R4Cns8SMQTXTWFIkhMvE+eqloYysYS2QWQ7YBz3mYA==
El/OFxksIzgitPJQq9MXM2uNvk3vJs5bxGa6MCCzxx51uFFVE1qV6Z9kvhS9cTfRSHYMUIsQUUs3JQQ4wfnYnV78LynmdA==
PObQ4zNTOAEKhEz7m5tx6GuNvk3vJs5bxGa6MCCyxx51uFFVE1qV6Z9kvhS9cTfRSHYMUIsQUUk3JQQ4wfnYnV78LynmdA==
aopoM9kvJnedMAhrESSzyWuNvk3vJs5bxGa6MCCxxx51uFFVE1qV6Z9kvhS9cTfRSHYMUIsQUU03JQQ4wfnYnV78LynmdA==
fHOtfxoqRJ4DJa2G55u5WGuNvk3vJs5bxGa6MCCwxx51uFFVE1qV6Z9kvhS9cTfRSHYMUIsQUUI3JQQ4wfnYnV78LynmdA==
yyA40MNXBm8Q0PVPD2H7tGuNvk3vJs5bxGa6MCC3xx51uFFVE1qV6Z9kvhS9cTfRSHYMUIsQUUowJQQ4wfnYnV78LynmdA==
RwH8albqt9sQFuMpw/pr82uNvk3vJs5bxGa6MCC2xx51uFFVE1qV6Z9kvhS9cTfRSHYMUIsQUUswJQQ4wfnYnV78LynmdA==
lBYA+hylf1RsM4dtre3xvGuNvk3vJs5bxGa6MCC1xx51uFFVE1qV6Z9kvhS9cTfRSHYMUIsQUUgwJQQ4wfnYnV78LynmdA==
AcbrKn3KPyShjkLKiSoAeGuNvk3vJs5bxGa6MCC0xx51uFFVE1qV6Z9kvhS9cTfRSHYMUIsQUU4wJQQ4wfnYnV78LynmdA==
llWUFxVYP07sLj2XbraaSBOI10bh+XpMYc6whyx9Iyy2iJZ44jAUXKnou5RQW0F8yKfCIQPLKLPlyxCDZ6xxZcaRIMzdph1bP19FXfbGbSl+bnwqJxU05ms=
KDAR0+OlLsPoxjAST7PwChOI10bh+XpMYc6whyx9Iyy2iZZ44jAUXKnou5RQW0F8yKfCIQPLKLPlyxCDZ6xxZcaRIMzdph1bP19LXfbGbSl+bnwqJxU05ms=
sH4zGHxCA5OjrdGlTUpZ0ROI10bh+XpMYc6whyx9Iyy2ipZ44jAUXKnou5RQW0F8yKfCIQPLKLPlyxCDZ6xxZcaRIMzdph1bP19DWPbJbSl+bnwqJxU05ms=
pT/nleuWeK1wc7LgJQtvPhOI10bh+XpMYc6whyx9Iyy2i5Z44jAUXKnou5RQW0F8yKfCIQPLKLPlyxCDZ6xxZcaRIMzdph1bP19BWPbJbSl+bnwqJxU05ms=
5g/eJ65FT2oJs4ksXfc0MxOI10bh+XpMYc6whyx9Iyy2jJZ44jAUXKnou5RQW0F8yKfCIQPLKLPlyxCDZ6xxZcaRIMzdph1bP19GWPbJbSl+bnwqJxU05ms=
EUdJbJxfdcYFuorej8ulHxOI10bh+XpMYc6whyx9Iyy2jZZ44jAUXKnou5RQW0F8yKfCIQPLKLPlyxCDZ6xxZcaRIMzdph1bP19EWPbJbSl+bnwqJxU05ms=
3TuBO25WMSRnyEggpNCzo72z5pxai4YnSHIv3EJfmEQmK7dtndJrjmYQWebXz9xVDnRncCoHOuaknYcLhHA2Jyv162mI5vxMDBBIEYBmXr+orkLc/HpHPLBMgAg4miuGnWFN6++ikR/k7/ZiewPmQg==
aoiNUn02qZqoik1+4jdX272z5pxai4YnSHIv3EJfmEQmK7dsndJrjmYQWubXz9xVDnRncCoHOuaknYcLhHA2Jyv162mI5vxMDBBIEYBmXr+orkLc/HpHPLBMgAg4miuGnWlO6++ikR/k7/ZiewPmQg==
mR7oIQ5pc5ZqwDOD2lGrF72z5pxai8NtFnQv2kR/hEMCGeQ8mKJ6iXFEAb60m8teBXBjbRsfPMrC0sNDk2ExIh297UmF9PFjWE5+DIBmXr+orkLc/HpHPLBMgAg4miuGnWFP6++ikR/k7/ZiewPmQg==
hjKhDqySwKPmMfTzdigA772z5pxai4YnSHIv3EJfmEQmK7dundJrjmYQWubXz9xVDnRncCoHOuaknYYLhHA2Jyv162mI5vxMDBBIEYBmXr+orkLc/HpHPLBMgAg4miuGnWhI6++ikR/k7/ZiewPmQg==
Eb/+LKBFMMhpZ601Obahpr2z5pxai4YnSHIv3EJfmEQmK7dpndJrjmYQWebXz9xVDnRncCoHOuaknYULhHA2Jyv162mI5vxMDBBIEYBmXr+orkLc/HpHPLBMgAg4miuGnWxI6++ikR/k7/ZiewPmQg==
zwFRGnVdhWegdGJ5QocfLr2z5pxai4YnSHIv3EJfmEQmK7dondJrjmYQWubXz9xVDnRncCoHOuaknYULhHA2Jyv162mI5vxMDBBIEYBmXr+orkLc/HpHPLBMgAg4miuGnW9I6++ikR/k7/ZiewPmQg==
rg3/dKanlyXvtJggnZ08lL2z5pxai8NtFnQv2kR/hEMCGeQ8mKJ4iXFEAb60m8teBXBjbRsfPMrC0sNDk2ExIh297UmF9PFjWEp+DIBmXr+orkLc/HpHPLBMgAg4miuGnWFI6++ikR/k7/ZiewPmQg==
LRC618JyBbjbNOYw3jBK872z5pxai4YnSHIv3EJfmEQmK7dqndJrjmYQWubXz9xVDnRncCoHOuaknYQLhHA2Jyv162mI5vxMDBBIEYBmXr+orkLc/HpHPLBMgAg4miuGnWlJ6++ikR/k7/ZiewPmQg==
+Ro3GFJ0v5+2QTD9fXTLTpXWok9Ngw5/a9BEROSQfjyTSVp0GX6nEUEUe3EB/jgx9cSvskvrZzGbjHI2Y6yLoVwnaiIvSgYZKgRQW1+hOP6WdW+Dg3OE2MyO2PawmxzIno2MuEqmkCQXngTKGOLEVMuUmVdhsaPc4Z1wSU6op+3msA==
hBA+SeJRbzh22LLGkSJj6pXWok9Ngwl/a9BEROSQfjyTSVp0GX6nEUEUe3EB/jgx9cSvskvrZzGbjHI2ZKyLoVwnaiIvSgYZKgRQW1+hOP6WdW+Dg3OE2MyO2PawmxzIno2MuEqmkCQXngTKGOLEVMuUmVpksaLc4Z1wSU6op+3msA==
HfR8lRAt+YE7nELMHMMkUpXWok9Ngw5/a9BEROSQfjyTSVp0GX6lEUEUe3EB/jgx9cSvskvrZzGbjHI2Y6yLoVwnaiIvSgYZKgRQW12hOP6WdW+Dg3OE2MyO2PawmxzIno2MuEqmkCQXngTKGOLEVMuUmV1lsaLc4Z1wSU6op+3msA==
cbihhguD0mUaBXlRu/iWSpXWok9Ngwl/a9BEROSQfjyTSVp0GX6lEUEUe3EB/jgx9cSvskvrZzGbjHI2ZKyLoVwnaiIvSgYZKgRQW12hOP6WdW+Dg3OE2MyO2PawmxzIno2MuEqmkCQXngTKGOLEVMuUmVdmsaLc4Z1wSU6op+3msA==
doj3+7vW57C6rAb7tdyvApXWok9Ngwx/a9BEROSQfjyTSVp0GX6jEUEUe3EB/jgx9cSvskvrZzGbjHI2YayLoVwnaiIvSgYZKgRQW1uhOP6WdW+Dg3OE2MyO2PawmxzIno2MuEqmkCQXngTKGOLEVMuUmVtgsaLc4Z1wSU6op+3msA==
xgyiAgG6vddN6uc02Im1tpXWok9Ngw9/a9BEROSQfjyTSVp0GX6jEUEUe3EB/jgx9cSvskvrZzGbjHI2YqyLoVwnaiIvSgYZKgRQW1uhOP6WdW+Dg3OE2MyO2PawmxzIno2MuEqmkCQXngTKGOLEVMuUmVdgsaLc4Z1wSU6op+3msA==
FMfWF+wzrm9FJC0yWoU7UZXWok9Ngwh/a9BEROSQfjyTSVp0GX6nEUEUe3EB/jgx9cSvskvrZzGbjHI2Y6yLoVwnaiIvSgYZKgRQW1uhOP6WdW+Dg3OE2MyO2PawmxzIno2MuEqmkCQXngTKGOLEVMuUmVhhsaLc4Z1wSU6op+3msA==
eCM6BMGZ6ZuaN27IUiHTcJXWok9Ngwh/a9BEROSQfjyTSVp0GX6kEUEUe3EB/jgx9cSvskvrZzGbjHI2Y6yLoVwnaiIvSgYZKgRQW1qhOP6WdW+Dg3OE2MyO2PawmxzIno2MuEqmkCQXngTKGOLEVMuUmV1ksavd4Z1wSU6op+3msA==
MP05cegz/2KYcH9FkebR6h5pdylEbWReWsGGoEQFOva3uedQLrXOPFEuKcXx5ApvievOM1EtrM+WxSw+gjyXDFU6nh046rQMS0xpV0b5OmUhZWABLiAXNeZo
Y4VHuVS9oLp+3zMS5W8EJhENP5o46n3B/thQS8DobiwRh+lORrYOK0t/eCrk8XBMIHbr8jW8Xs8cL/HL7JNG5iMv5nY=
ihRoC176Brq+RspHqXpZ6SZV8RVYz//L4L6NvRa88Od4XP6wmQNpwt4ivpfj25hGHIWgEOgyqz5taS4zdMvR59SnVvorK+Z6
cLuRLzgkmHngtZ6m9I7G9mrP0qUABeKhzUExEmiHhOwpgiU5MJDDaEbSj4J11zSJu8wpuoqVNLB3xsZsRVaV27fv2rtekpRpJp5UCt8FPOZj
2zoXQSg91PGxoszQnV4wRzA1M29Y8cbjNDMl2JWHczgWa51x3D58BBXbwv6gCRRW9qZ9USkcorgGERe5KIhQb4gm7ECLADGZd5XgSUFJeG0eLA855mQ=
QImvq+0eUoA34b0JAVXGMSKb0uhIB/XtmEUxEmiHhOwpgiU5MJDDaEbSj4J11zSJu8wpuoqVNLB3xsZsRVaV27fv37tekpRpJp5UCt8FPOZj
exjv+61EkRQZdBRFC8mKTq6oiT9V27/kWUZJoOOWbvExF3ycGNq9sR5I0NugGC4cMZfpXmaGTtsr7/i6BIGwfABm6+IVjJ+//L9xW4xjBtYDP+Zm
Y+FYWsEqAm+n0mMYPhuTEw6vI3WmlrFScyDnputXUQn3yh6roowPrlMhNpzVWFA+qdqDm3JJ/YDf4ix5ogDhSkD0M/ozuxFDrGSY3kJZcHJyEikJOuZl
9On7/QBNPyzRRk7R2E1zYq+S8gL4kCBtrZqxSmcQE473t21hIxpqk27MQ1bnceI0qfjMVh0qFwP+yXEYS5KYkT6gHeIUJIeC/3tde1o0zDZ+OWxaBiI9ETbmaQ==
jejmzVnZJ2hgoL70Lps+pxTW3/YjFxn5r2r2OxoMdz77Qe4snZgYblH6q2tqSeXw98JUqWpAKfoYFJtqyzup08DEQK6KmTiiSnLBOSLmfQ==
Y3i6mPgi+I5OBgVdS60M/fTW6BseY5+TjzF/1du6wmPmTMvmj5FaRHE4tIbFSj8T9sl5CGNywMHG4EUSrERvMnf71Qv2lLSGpnlUil4C1QE+5mE=
dOX8tqYeHS7KR8h6k3ZGmQ6vI3WmlrFScyDnputXUQn3yh6roowPrlMhNpzVWFA+qdqDm3JJ/YDf4ix5ogDhSkD0M/ozuxFDrWWY3kJZcHJyEikJOuZl
pZ32hjkH34t1DarAKh6mna+R8gL4kCBtrZqxSmcQE473t21hIxpqk27MQ1bnceI0qfjMVh0qFwP+yXEYS5KYkT6gHeIUJIeC/3tde1s1zDZ+OWxaBiI9ETbmaQ==
5AYqeLLcceoXqJukR2gZNhTW3/YjFxn5r2r2OxoMdz77Qe4snZgYblH6q2tqSeXw98JUqWpAKfoYFJtqyzup08DFQK6KmTiiSnLBOSLmfQ==
XQ2mZrxs8pn8u799QfUzHquO4UOpnTBtq56+C2JDR8O38SdlIxpqk27MQ1bnceI0qfjMVh0qFwP+yXEYS5KYkT6gHeIUJIeC/3tde14wzDF+OWxaBiI9ETbmaQ==
ftoqbh/J/2wL+exlBcqCJSbLiyCG/gPMmPEYl/7nZ1yMdinZlJOaCikeAV3Nlu+2v3J+/RnjvOCgXg3d1pzwx7g8flDZI2ninsI+9yP7mGbc5SDwqBKrHi2HrVOz69HHFMfWGmsL5lo=
yMtcdMngTZ3+5TC6PxwrX15uaUmqyZTQkPpoCUuN2PnVNGTz5m9DupvN4sba2s3nq10+ZwcXOTkP6lb7OgyX/pvBDuz9mPiuMXpLqwpJBbCXQrTpCkDJuniUeyqrO4mTbEPg6aqZGOLq8mF5AuZd
UCS7n2Lgwb10dFDRPNsZIcC0YFp3k5m1PANdx6O9bSKkz0AsbUrpSewop4jiSnMS+V+wCT9EpSr2DZDQk36anAkeUZvzJ5aMgu2wSUKGaBrTDTjmZw==
k92l3vSSCzNRJmsKioZeiSd2hwjEutn97KLNZUsln4yJjgloM/7OGaGf/BSIMh3ZzoCQE3BwDvQhn+lWdm5us/snuHLU6RCUkO5raoVoONcrdzGTXAsmPhM35m4=
hQy1G31UL9N56Kk6+oOR0Ovy0WwU0vGwFAYP6ueWbvExF3ycGNq9sR5I0NugGC4cMZfpXmaGTtsr7/i6BIGwfABm6+IVhJm/+79xW4xjBtYDP+Zm
9dG2E6yS7iYTXPFoUdg7xO3MqO/yo8tnDD7crPwibwbfwr7NedO80MBuzW22LHB32Iy+YLkTadL+8v5HQ0sY1rxV4MDIIqsuTbVs49JbUXd0dxYqCzvmag==
OdC6MA6Bpg6xLRJ1Fkqm/HJzM2VW8JC0ZDpokJ+YczgWa51x3D58BBXbwv6gCRRW9qZ9USkcorgGERe5KIhQb4gm7ECLADGSdJXmSUFJeG0eLA855mQ=
zKKrjEmgT0NsAxrXphd3BBTW3/YjFxn5r2r2OxoMdz77Qe4snZgYblH6q2tqSeXw98JUqWpAKfoYFJtqyzup08XBQKiKmTiiSnLBOSLmfQ==
QuD/qOKSBh5qdGbT6WZTNRENP5o46n3B/thQS8HobiwRh+lORrYOK0t/eCrk8XBMIHbr8jWzXc8aL/HL7JNG5iMv5nY=
sTAZNDsFYnuJ89efpVLvwyZV8RVYz//L4L6NvRa88Od5XP6wmQNpwt4ivpfj25hGHIWgEOgyqz5tYC4zcsvR59SnVvorK+Z6
lKGW9scM+AtQaj3woKtqEWrP0qUABeKhzUExEmiHhOwpgiU5MJDDaEbTj4J11zSJu8wpuoqVNLB3xsZsRVaV27fv2bpelJRpJp5UCt8FPOZj
gFacszCSnMvTN217MhAU0jA1M29Y8cbjNDMl2JWHczgWa51x3D58BBXbwv6gCRVW9qZ9USkcorgGERe5KIhQb4gm7ECLADGZdpXmSUFJeG0eLA855mQ=
aD4zf/wmeY6GA3CRolQ2JiKb0uhIB/XtmEUxEmiHhOwpgiU5MJDDaEbTj4J11zSJu8wpuoqVNLB3xsZsRVaV27fv37pelJRpJp5UCt8FPOZj
/euGoOuWDwLGyOzI/0xxvffW6BseY5+TjzF/1du6wmPmTMvmj5FaRHE4tIfFSj8T9sl5CGNywMHG4EUSrERvMnf71Qv3krSApnlUil4C1QE+5mE=
U5CaCP9qL2Eyq08tCc7r1A6vI3WmlrFScyDnputXUQn3yh6roowPrlMhNpzVWFA/qdqDm3JJ/YDf4ix5ogDhSkD0M/ozuxFDpWKY2EJZcHJyEikJOuZl
JzUr6WN3nHq/ibLop6t2fa+S8gL4kCBtrZqxSmcQE473t21hIxpqk27MQ1bnceI0qfjMVx0qFwP+yXEYS5KYkT6gHeIUJIeC/3tde1kzzDB+OWxaBiI9ETbmaQ==
452N5pBOwh6imuTMlZVKchTW3/YjFxn5r2r2OxoMdz77Qe4snZgYb1H6q2tqSeXw98JUqWpAKfoYFJtqyzup08TDQKiKmTiiSnLBOSLmfQ==
5G2IalkivbBzczcRM0Sz8Au2iFZhDs20+TYfDMYfVbWc+rRwxW+qGgBt/eJmUvXVqZgqTJal/92IbDjbWFIkhMvE+eqnoY6tYS2QWQ7YBz3mYA==
kawGuHGzGDD5uXBdbToVfg6vI3WmlrFScyDnputXUQn3yh6roowPrlMhNpzVWFA/qdqDm3JJ/YDf4ix5ogDhSkD0M/ozuxFDq2OY2EJZcHJyEikJOuZl
bCGXPk/VnLXrn14hoEKgX0spNjBRZ30tWvCIuFRWcLz/tKtUJqfFPRxyJMiltxpSwKWNOkYq5d2pkDo0tn2PFUgkiAM46rQMS0xpX0f5PmUhZWABLiAXNeZo
xqAt3AXCd68wQUWTufTo8RTW3/YjFxn5r2r2OxoMdz77Qe4snZgYb1H6q2tqSeXw98JUqWpAKfoYFJtqyzup08XEQKiKmTiiSnLBOSLmfQ==
3j19hcpZkkJd4ThhTmzY1quO4UOpnTBtq56+C2JDR8O38SdlIxpqk27MQ1bnceI0qfjMVx0qFwP+yXEYS5KYkT6gHeIUJIeC/3tde1A0zDB+OWxaBiI9ETbmaQ==
s2m8Py+iv6TmywsgHJFEx8OMkOedaCGzvcoi7CKosN+VVj1VlEpcWktr3cWYi9Gnb3VJMqDXHGyx0m3ZCODrqO5DFyI958yJw/zhGhIFnPBfNv4MjYYNWy8/lZ2mpPypzg7M6hd1BOZb
+LZPTYnXCHSQdJPM3cG9/l5uaUmqyZTQkPpoCUuN2PnVNGTz5m9DupvN4sba2s3nq10+ZwcXOTkP6lb7OgyX/pvBDuz9mPivMXpLqwpJBbCXQrTpCkDJuniUeyqrO4mTZkDg66qZGOLq8mF5AuZd
KhOI0VqTXRSwkw+eo20+pcC0YFp3k5m1PANdx6O9bSKkz0AsbUrpSewop4jiS3MS+V+wCT9EpSr2DZDQk36anAkeUZvzJ5OIgu+wSUKGaBrTDTjmZw==
uynjaF8o3RkPwUJaoJOi4id2hwjEutn97KLNZUsln4yJjgloM/7OGaGf/BSIMh3ZzoCQE3FwDvQhn+lWdm5us/snuHLU6RCUkO5raoVrPNcpdzGTXAsmPhM35m4=
3BqAZ3HqDFDqPrXrABKsfO3MqO/yo8tnDD7crPwibwbfwr7NedO80MBuzW22LHB32Yy+YLkTadL+8v5HQ0sY1rxV4MDIIqsuTbJt49FbUXd0dxYqCzvmag==
apahnru6eJOx2BnlDygBA3JzM2VW8JC0ZDpokJ+YczgWa51x3D58BBXbwv6gCRVW9qZ9USkcorgGERe5KIhQb4gm7ECLADGedZXlSUFJeG0eLA855mQ=
BGTjmHaHK+ieWFst2U3wIRTW3/YjFxn5r2r2OxoMdz77Qe4snZgYb1H6q2tqSeXw98JUqWpAKfoYFJtqyzup08DBQKuKmTiiSnLBOSLmfQ==
8e2WrNqMr1DHqZtHcbPkT/LW6BseY5+TjzF/1du6wmPmTMvmj5FaRHE4tIfFSj8T9sl5CGNywMHG4EUSrERvMnf71Qv2kbSDpnlUil4C1QE+5mE=
VMeJgjKAsSCG0bTK0eKPLAnL3/YjFxn5r2r2OxoMdz77Qe4snZgYb1H6q2tqSeXw98JUqWpAKfoYFJtqyzup083BQKuKmTiiSnLBOSLmfQ==
pGj2nCz6Oc1Mb5Pbm8t83xTW3/YjFxn5r2r2OxoMdz77Qe4snZgYb1H6q2tqSeXw98JUqWpAKfoYFJtqyzup08zBQKuKmTiiSnLBOSLmfQ==
2JiPZ2Sg4or9kvrcjagE/fPW6BseY5+TjzF/1du6wmPmTMvmj5FaRHE4tIfFSj8T9sl5CGNywMHG4EUSrERvMnf71QvzkrSDpnlUil4C1QE+5mE=
VbzOiRabH+eCzv8eLQtax+3MqO/yo8tnDD7crPwibwbfwr7NedO80MBuzW22LHB32Yy+YLkTadL+8v5HQ0sY1rxV4MDIIqsuTbJv49FbUXd0dxYqCzvmag==
m3GT7OfPceWVSKuIiAFO0cqlYBYz1omofVJZx6O9bSKkz0AsbUrpSewop4jiS3MS+V+wCT9EpSr2DZDQk36anAkeUZvzJ5KLgu+wSUKGaBrTDTjmZw==
YCcaDfbpHydQ8iWiAjk5qBTW3/YjFxn5r2r2OxoMdz77Qe4snZgYb1H6q2tqSeXw98JUqWpAKfoYFJtqyzup08PDQKuKmTiiSnLBOSLmfQ==
Iyo5eG1Wb0gODhzTWJN8ld2lNRYs1o6yfR4egem5bSKkz0AsbUrpSewop4jiS3MS+V+wCT9EpSr2DZDQk36anAkeUZvzJ5SMgu+wSUKGaBrTDTjmZw==
W1aXvVlbELpvj81bmLPxvQqiKyG3lq5SdDrn6qwRGw33yh6roowPrlMhNpzVWFA/qdqDm3JJ/YDf4ix5ogDhSkD0M/ozuxFDpGSY20JZcHJyEikJOuZl
PsIfbIY70sbsjWSANV22PQqiKyG3lq5SdDrn6qwRGw33yh6roowPrlMhNpzVWFA+qdqDm3JJ/YDf4ix5ogDhSkD0M/ozuxFDpWWY20JZcHJyEikJOuZl
n8q3sP6prHGgUc0XlSisdNwPrQbfUeokgbgkIpWKT/PmyWlokzIQYVZgNfIcBL9Sh/vlK6RQxCIW+cTqjkLlIS7mcQ==
b2iMrPWmuApiZ8GwKGp51RENP5o46n3B/thQS8TobiwRh+lORrYOK0t/eCrk8XBMIHbr8jWyXM8YL/HL7JNG5iMv5nY=
frPBFJMZPxFuANft+83+8iZV8RVYz//L4L6NvRa88Od8XP6wmQNpwt4ivpfj25hGHIWgEOgyqz5taCwzcMvR59SnVvorK+Z6
UxCZuGuKGPnizf6k4l4rQvjpzXZB0u2wR0ZJoOOWbvExF3ycGNq9sR5I0NukGC4cMZfpXmaGTtsr7/i6BIGwfABm6+IVgJ2/+L9xW4xjBtYDP+Zm
aTfQoJSimHM0h6D3bMCFui6LnblBGf2hzUExEmiHhOwpgiU5MJDDaEbWj4J11zSJu8wpuoqVNLB3xsZsRVaV27fv3blelpRpJp5UCt8FPOZj
02un6Z3NjdrpoXW+dUtJTvjp0GtB0u2wR0ZJoOOWbvExF3ycGNq9sR5I0NukGC4cMZfpXmaGTtsr7/i6BIGwfABm6+IVh56/+L9xW4xjBtYDP+Zm
HTLoD4E/I25+NldLPrid+tBmEzADiCvcPCMjDe+xEnTLpUagwBVbHVzVvZCVhkNsOW4PBOZX5U0cggS45We6wkA1aGoGGgXtqaDaBPYtb4XItCjTeJqU/Es8Sa+GqZz1ofUA0e4QdwXmWA==
KnZU6BIYw33NP3r+3F7hm/XW6BseY5+TjzF/1du6wmPmTMvmj5FaRHE4tILFSj8T9sl5CGNywMHG4EUSrERvMnf71Qvzk7SCpnlUil4C1QE+5mE=
wa+N4Uet0RW2fm7/yCA1Iuvy0WwU0vGwFAYP6ueWbvExF3ycGNq9sR5I0NukGC4cMZfpXmaGTtsr7/i6BIGwfABm6+IVh5+/+L9xW4xjBtYDP+Zm
6SAWKeVZv/9rSXr9sQneexTW3/YjFxn5r2r2OxoMdz77Qe4snZgYalH6q2tqSeXw98JUqWpAKfoYFJtqyzup08bEQKqKmTiiSnLBOSLmfQ==
EDnyR42ZKS4aL/TWUzPG02rP0qUABeKhzUExEmiHhOwpgiU5MJDDaEbWj4J11zSJu8wpuoqVNLB3xsZsRVaV27fv3rxelpRpJp5UCt8FPOZj
oMF/qxo1h1HOfCsOF6AdsjA1M29Y8cbjNDMl2JWHczgWa51x3D58BBXbwv6gCRBW9qZ9USkcorgGERe5KIhQb4gm7ECLADGScJXkSUFJeG0eLA855mQ=
/li/OvX6wo1jxYFU4YyoH0sqNjBRZ30tTf/B7wRfPfT1q6tUJqfFPRxyJMiltxpSwKWIOkYq5d2pkDo0tn2PFUgkiAM46rQMS0xpVkH5PGUhZWABLiAXNeZo
m1aXkPxWH4VGzbFaGl6Spd7BFUZzsjVvGWKe02v4gWlUGw4SphBjwpZaUuU0awAdGx4iIuGKneenhZGSyEek7ElCxblQUCNoJhZvAhUX1InbjMk66tXUsBeGJuwlFnXbl698Pf7WtGkG3vSKf0Uc5kM=
1lX7bpW4zktoYhcmrTjQtLKaqO/2788zWCfGrPwibwbfwr7NedO80MBuzW22LHB33Iy+YLkTadL+8v5HQ0sY1rxV4MDIIqsuTblp49BbUXd0dxYqCzvmag==
BaoiwRKKXJWyfJvQlV8Ur97BFUZzsjVvGWKe02v4gWlUGw4RphBjwpZaUuU0awAdGx4iIuGKneenhZGSyEek7ElCxblQUCNoJhZvAhUX1InbjMk66tXUsBeGJuwlFnXbl698OP7ZtGkG3vSKf0Uc5kM=
w00l4DDLkaIk15ZP2l4EdhTW3/YjFxn5r2r2OxoMdz77Qe4snZgYalH6q2tqSeXw98JUqWpAKfoYFJtqyzup08XBQKWKmTiiSnLBOSLmfQ==
LPZxvk7bCSv4yPqoayAGnfXW6BseY5+TjzF/1du6wmPmTMvmj5FaRHE4tILFSj8T9sl5CGNywMHG4EUSrERvMnf71Qv5lLSNpnlUil4C1QE+5mE=
4+Tyq9DU9A4SfGlddiPrKHJzM2VW8JC0ZDpokJ+YczgWa51x3D58BBXbwv6gCRBW9qZ9USkcorgGERe5KIhQb4gm7ECLADGbcZXrSUFJeG0eLA855mQ=
sj53qOold98TKItu5rlw1e3MqO/yo8tnDD7crPwibwbfwr7NedO80MBuzW22LHB33Iy+YLkTadL+8v5HQ0sY1rxV4MDIIqsuTbRp499bUXd0dxYqCzvmag==
zyPk0jl1A3piWj0LbRwqU3JzM2VW8JC0ZDpokJ+YczgWa51x3D58BBXbwv6gCRBW9qZ9USkcorgGERe5KIhQb4gm7ECLADGdcZXrSUFJeG0eLA855mQ=
d3XrDLaa13WFrT8YTXOWGBTW3/YjFxn5r2r2OxoMdz77Qe4snZgYalH6q2tqSeXw98JUqWpAKfoYFJtqyzup083FQKWKmTiiSnLBOSLmfQ==
gjFLpyFthAOjYjqtat/dGSpraU3/byaktl5EnSBrVIPMf9md76qW0npAwPiYyiu2/f+Mm85zEa8E/7aS21Pmcg==
RkHQ3la0BobXGSfQ5ODfACpraU7/byaktl5EnSBrVIPMf9md76qW0npAwPiYyiu2/fmNm85zEa8E/7aS21Pmcg==
U6afbEfBVBNqo4HSCmobAhENP5o46n3B/thQS8LobiwRh+lORrYOK0t/eCrk8XBMIHbr8jW9Xs8WL/HL7JNG5iMv5nY=
akjjR1408a9A9H62aCjj0CZV8RVYz//L4L6NvRa88Od6XP6wmQNpwt4ivpfj25hGHIWgEOgyqz5tYC8zfsvR59SnVvorK+Z6
WWkJAMHTJn+lIloErL6Vn2rN0qUABeKhzUExEmiHhOwpgiU5MJDDaEbQj4J11zSJu8wpuoqVNLB3xsZsRVaV27fv2btemJRpJp5UCt8FPOZj
zIO/w7H8mLwG9EG/nWZ0QzAzM29Y8cbjNDMl2JWHczgWa51x3D58BBXbwv6gCRZW9qZ9USkcorgGERe5KIhQb4gm7ECLADGed5XqSUFJeG0eLA855mQ=
xy/6OnOHaZdjUFX1UKHlZbOHuODxo819RWmMpbFqZRnfwr7NedO80MBuzW22LHB32oy+YLkTadL+8v5HQ0sY1rxV4MDIIqsuTblv495bUXd0dxYqCzvmag==
6m/fVY/uwzHGNYrT8z7+EA6vI3WmlrFScyDnputXUQn3yh6roowPrlMhNpzVWFA8qdqDm3JJ/YDf4ix5ogDhSkD0M/ozuxFDrGSY1EJZcHJyEikJOuZl
xpqzudd7USw7XOs6xnV12K+Q8gL4kCBtrZqxSmcQE473t21hIxpqk27MQ1bnceI0qfjMVB0qFwP+yXEYS5KYkT6gHeIUJIeC/3tde100zDx+OWxaBiI9ETbmaQ==
DxTHhUpGu91EDdy5XtGT+BTW3/YjFxn5r2r2OxoMdz77Qe4snZgYbFH6q2tqSeXw98JUqWpAKfoYFJtqyzup08DEQKSKmTiiSnLBOSLmfQ==
PUxfglAcUHPuaCzXIi3J9/TW6BseY5+TjzF/1du6wmPmTMvmj5FaRHE4tITFSj8T9sl5CGNywMHG4EUSrERvMnf71Qv2lLSMpnlUil4C1QE+5mE=
ei3UgS56urhh1/STlNoUqA6vI3WmlrFScyDnputXUQn3yh6roowPrlMhNpzVWFA8qdqDm3JJ/YDf4ix5ogDhSkD0M/ozuxFDpGSY1EJZcHJyEikJOuZl
NzZGBm3AQfIeiL2rsh7EBq+X8gL4kCBtrZqxSmcQE473t21hIxpqk27MQ1bnceI0qfjMVB0qFwP+yXEYS5KYkT6gHeIUJIeC/3tde1g1zDx+OWxaBiI9ETbmaQ==
782Xbi5zM0TSCu9JnaJSshTW3/YjFxn5r2r2OxoMdz77Qe4snZgYbFH6q2tqSeXw98JUqWpAKfoYFJtqyzup08DAQK2JmTiiSnLBOSLmfQ==
nCXxQ5jOvrIlf6RbxuoA4hENP5o46n3B/thQS8PobiwRh+lORrYOK0t/eCrk8XBMIHbr8jW0Xc8fLPHL7JNG5iMv5nY=
n1VP/Y7HjFSuc5UAU89ZLiZV8RVYz//L4L6NvRa88Od7XP6wmQNpwt4ivpfj25hGHIWgEOgyqz5tYS0zd8jR59SnVvorK+Z6
ncgXIL7yQmZIGZJzri+VM2rN0qUABeKhzUExEmiHhOwpgiU5MJDDaEbRj4J11zSJu8wpuoqVNLB3xsZsRVaV27fv2LlekZdpJp5UCt8FPOZj
uXXH0tNrCYN8MnVlzAXD+TAzM29Y8cbjNDMl2JWHczgWa51x3D58BBXbwv6gCRdW9qZ9USkcorgGERe5KIhQb4gm7ECLADGcdZXjSkFJeG0eLA855mQ=
N/3xHQ2tLA4mcOwQksivwbOHuODxo819RWmMpbFqZRnfwr7NedO80MBuzW22LHB324y+YLkTadL+8v5HQ0sY1rxV4MDIIqsuTbBu49dYUXd0dxYqCzvmag==
Dbxiw9gJaWMixazAWHZ8ow6vI3WmlrFScyDnputXUQn3yh6roowPrlMhNpzVWFA9qdqDm3JJ/YDf4ix5ogDhSkD0M/ozuxFDr2KY3UFZcHJyEikJOuZl
5BnM/ZWIiWjpdIH9z+d+Wq+Q8gL4kCBtrZqxSmcQE473t21hIxpqk27MQ1bnceI0qfjMVR0qFwP+yXEYS5KYkT6gHeIUJIeC/3tde10yzDV9OWxaBiI9ETbmaQ==
mJVDAuYVpWGyfkbJEfwZ/TIoI2BfvcStfjpokJ+YczgWa51x3D58BBXbwv6gCRdW9qZ9USkcorgGERe5KIhQb4gm7ECLADGcdpXjSkFJeG0eLA855mQ=
WKke/D/voOhLqx6Pj0sKpw6vI3WmlrFScyDnputXUQn3yh6roowPrlMhNpzVWFA9qdqDm3JJ/YDf4ix5ogDhSkD0M/ozuxFDpWKY3UFZcHJyEikJOuZl
oRbgN9dfTJS5eB7EifE3z6+X8gL4kCBtrZqxSmcQE473t21hIxpqk27MQ1bnceI0qfjMVR0qFwP+yXEYS5KYkT6gHeIUJIeC/3tde1szzDV9OWxaBiI9ETbmaQ==
tjX7AcKIsmNvIb9vg6zFQXs2mY9rnlhqRXhtaEu11LVeQlhY39CDgHbzDflctuyc9WOyNmBBJ67Wvm1ZKRSyoCbpJ/HoQCDXaL58yAuIoQIQLRMCAYFIFT40HzHmbA==
xlOn7kgyZFS2j8XQQR+rT8OMlOeBaCGzvcoi7CKosN+VVj1VlEpcWktr3cWYi9Gnb3VJMqDXHGyx0m3ZCODrqO5BFyI958yJw/zhGhIFnPBfNv4MjYYNWy8/m5ymof+pzg7M6hd1BOZb
JZ0G2HQ8vnZIsAFJUS91UfYoJSd+nF+ax5TSk/ZhB0S9tZP+EIUVwVcWyMjxOzgFGpCd8OnvkdC/nFtsRv8V1ZwadBBFj2p6AE0/QubyNfWpuOrsFgU//YgM+DvYMuRky6S5DSfByk5hDdD5jnhHHeZA
Jg6FOF3OeUPXVXf+1zD5GMC0YFp3k5m1PANdx6O9bSKkz0AsbUrpSewop4jiSXMS+V+wCT9EpSr2DZDQk36anAkeUZvzJ5GLguizSUKGaBrTDTjmZw==
2npZ1FAedCxfHbews65B3Cd2hwjEutn97KLNZUsln4yJjgloM/7OGaGf/BSIMh3ZzoCQE3NwDvQhn+lWdm5us/snuHLU6RCUkO5raoVlP9cudDGTXAsmPhM35m4=
rmov0jTDV3noBpEkRMBQr+3MqO/yo8tnDD7crPwibwbfwr7NedO80MBuzW22LHB324y+YLkTadL+8v5HQ0sY1rxV4MDIIqsuTbRo49ZYUXd0dxYqCzvmag==
F8UqnV37yd5q6SDrwaTXcsqlYBYz1omofVJZx6O9bSKkz0AsbUrpSewop4jiSXMS+V+wCT9EpSr2DZDQk36anAkeUZvzJ5GMguizSUKGaBrTDTjmZw==
ZGoygZKN6jAZSpXeEn6VaxTW3/YjFxn5r2r2OxoMdz77Qe4snZgYbVH6q2tqSeXw98JUqWpAKfoYFJtqyzup08LEQKyJmTiiSnLBOSLmfQ==
jQKopOWb/G+cV7lUtz2Ey6uO4UOpnTBtq56+C2JDR8O38SdlIxpqk27MQ1bnceI0qfjMVB0qFwP+yXEYS5KYkT6gHeIUJIeC/3tde1wwzDd9OWxaBiI9ETbmaQ==
EPFUOmOLXd4f6anfAN25b8OMlOeBaCGzvcoi7CKosN+VVj1VlEpcWktr3cWYi9Gnb3VJMqDXHGyx0m3ZCODrqO5AFyI958yJw/zhGhIFnPBfNv4MjYYNWy8/kpmmo/+pzg7M6hd1BOZb
Uomq0V26b+nS/LuKxoxcAfYoJSd+nF+ax5TSk/ZhB0S9tZP+EIUVwVcWyMjxOzgFGpCd8OnvkdC/nFtsRv8V1ZwadBBFj2p6AE0+QubyNfWpuOrsFgU//YgM+DvYMuRky6S5ByXByU5hDdD5jnhHHeZA
M9c8e3OI6CuzGlL5zvpGD8C0YFp3k5m1PANdx6O9bSKkz0AsbUrpSewop4jiSHMS+V+wCT9EpSr2DZDQk36anAkeUZvzJ5eKguuzSUKGaBrTDTjmZw==
13Xt8qn5PPt+njUneLfANyd2hwjEutn97KLNZUsln4yJjgloM/7OGaGf/BSIMh3ZzoCQE3JwDvQhn+lWdm5us/snuHLU6RCUkO5raoVvPtctdDGTXAsmPhM35m4=
e+H26nyNvBl+sYOoR39ywe3MqO/yo8tnDD7crPwibwbfwr7NedO80MBuzW22LHB32oy+YLkTadL+8v5HQ0sY1rxV4MDIIqsuTbdu49VYUXd0dxYqCzvmag==
CdA/YOCPvG6WrezCU9FXDXJzM2VW8JC0ZDpokJ+YczgWa51x3D58BBXbwv6gCRZW9qZ9USkcorgGERe5KIhQb4gm7ECLADGSdpXhSkFJeG0eLA855mQ=
poxmIF9TRM5xtcjunWP0AxTW3/YjFxn5r2r2OxoMdz77Qe4snZgYbFH6q2tqSeXw98JUqWpAKfoYFJtqyzup08XDQK+JmTiiSnLBOSLmfQ==
A3SOZpKLuOL+VaOMrQNV+fPW6BseY5+TjzF/1du6wmPmTMvmj5FaRHE4tITFSj8T9sl5CGNywMHG4EUSrERvMnf71Qvzk7SHpXlUil4C1QE+5mE=
fScrWOpIHUHEzhps1JvqJO3MqO/yo8tnDD7crPwibwbfwr7NedO80MBuzW22LHB32oy+YLkTadL+8v5HQ0sY1rxV4MDIIqsuTbJp49VYUXd0dxYqCzvmag==
zosxIwxlvEawss/jKK+hG3JzM2VW8JC0ZDpokJ+YczgWa51x3D58BBXbwv6gCRZW9qZ9USkcorgGERe5KIhQb4gm7ECLADGZcZXhSkFJeG0eLA855mQ=
3OABzHBzzDpXNZR9gTG4qBTW3/YjFxn5r2r2OxoMdz77Qe4snZgYbFH6q2tqSeXw98JUqWpAKfoYFJtqyzup08DFQK+JmTiiSnLBOSLmfQ==
1LidSPUOEhZFnU0DJFAVAevy1m0UzfawWEFJoOOWbvExF3ycGNq9sR5I0NuiGC4cMZfpXmaGTtsr7/i6BIGwfABm6+IVjJm//bxxW4xjBtYDP+Zm
EkeaQyyiygAb8zDo1wpm7wqiKyG3lq5SdDrn6qwRGw33yh6roowPrlMhNpzVWFA8qdqDm3JJ/YDf4ix5ogDhSkD0M/ozuxFDrGCY3kFZcHJyEikJOuZl
9vKPHPdHJvqBOlrISnN8hQqiKyG3lq5SdDrn6qwRGw33yh6roowPrlMhNpzVWFA9qdqDm3JJ/YDf4ix5ogDhSkD0M/ozuxFDqmCY3kFZcHJyEikJOuZl
DPiDyXBGH2rCw1PEJxkrb/XW6BseY5+TjzF/1du6wmPmTMvmj5FaRHE4tILFSj8T9sl5CGNywMHG4EUSrERvMnf71Qv4kbSGpXlUil4C1QE+5mE=
0JZ5+FO535+Vx9UEv0yH5uvy0WwU0vGwFAYP6ueWbvExF3ycGNq9sR5I0NukGC4cMZfpXmaGTtsr7/i6BIGwfABm6+IVhJ6//LxxW4xjBtYDP+Zm
LnBPmmPUR1dukQDeDhohmxENP5o46n3B/thQS8XobiwRh+lORrYOK0t/eCrk8XBMIHbr8jWzX88cLPHL7JNG5iMv5nY=
IfeagQxqDTkj8pJAElQw8CZV8RVYz//L4L6NvRa88Od9XP6wmQNpwt4ivpfj25hGHIWgEOgyqz5tYigzdMjR59SnVvorK+Z6
2tu9xtXaN4VnvluN6IGonPXW6BseY5+TjzF/1du6wmPmTMvmj5FaRHE4tIPFSj8T9sl5CGNywMHG4EUSrERvMnf71Qv1lLSGpXlUil4C1QE+5mE=
tkCdpFxORfOagx13BvBoQOvy0WwU0vGwFAYP6ueWbvExF3ycGNq9sR5I0NulGC4cMZfpXmaGTtsr7/i6BIGwfABm6+IVgZi//LxxW4xjBtYDP+Zm
NIJwKOPwJYTXpB4Q5MN63hTW3/YjFxn5r2r2OxoMdz77Qe4snZgYa1H6q2tqSeXw98JUqWpAKfoYFJtqyzup08DEQK6JmTiiSnLBOSLmfQ==
TqwP6yZASkCODl3xlV9+hWrN0qUABeKhzUExEmiHhOwpgiU5MJDDaEbXj4J11zSJu8wpuoqVNLB3xsZsRVaV27fv2r1ekpdpJp5UCt8FPOZj
Mit3G58XDHSmZIwtx1CNdzAzM29Y8cbjNDMl2JWHczgWa51x3D58BBXbwv6gCRFW9qZ9USkcorgGERe5KIhQb4gm7ECLADGYcZXgSkFJeG0eLA855mQ=
J9xC9fKQMIC5BSh+rT1u+0soNjBRZ30tTf/B7wRfPfT1q6tUJqfFPRxyJMiltxpSwKWJOkYq5d2pkDo0tn2PFUgkiAM46rQMS0xpX0T5P2YhZWABLiAXNeZo
KQTr/iHOai9W3innm4AAA+vy0WwU0vGwFAYP6ueWbvExF3ycGNq9sR5I0NulGC4cMZfpXmaGTtsr7/i6BIGwfABm6+IVhZ2/+7xxW4xjBtYDP+Zm
0GuAI89GYSXshdyZKdeaYN7BFUZzsjVvGWKe02v4gWlUGw4QphBjwpZaUuU0awAdGx4iIuGKneenhZGSyEek7ElCxblQUCNoJhdvAhUX1InbjMk66tXUsBeGJuwlFnXbl694Ov7Vt2kG3vSKf0Uc5kM=
Ig44mMsx9GQOM5Hc84wY5LKcqO/2788zWCfGrPwibwbfwr7NedO80MBuzW22LHB33Yy+YLkTadL+8v5HQ0sY1rxV4MDIIqsuTblu49NYUXd0dxYqCzvmag==
xqJTwh+SaEhersrqImz+xevy0WwU0vGwFAYP6ueWbvExF3ycGNq9sR5I0NulGC4cMZfpXmaGTtsr7/i6BIGwfABm6+IVhp+/+7xxW4xjBtYDP+Zm
ELjlP6RSS3BjTjTPxnr+cN7BFUZzsjVvGWKe02v4gWlUGw4XphBjwpZaUuU0awAdGx4iIuGKneenhZGSyEek7ElCxblQUCNoJhdvAhUX1InbjMk66tXUsBeGJuwlFnXbl696PP7Vt2kG3vSKf0Uc5kM=
HUckaCYWcYYEo9++6IUBSBTW3/YjFxn5r2r2OxoMdz77Qe4snZgYa1H6q2tqSeXw98JUqWpAKfoYFJtqyzup08PEQKmJmTiiSnLBOSLmfQ==
i0n0jUYJtg/BQWSiezsSrfXW6BseY5+TjzF/1du6wmPmTMvmj5FaRHE4tIPFSj8T9sl5CGNywMHG4EUSrERvMnf71QvxlbSBpXlUil4C1QE+5mE=
qrI8H44sRID7EBH9dbF7Je3MqO/yo8tnDD7crPwibwbfwr7NedO80MBuzW22LHB33Yy+YLkTadL+8v5HQ0sY1rxV4MDIIqsuTbVp49NYUXd0dxYqCzvmag==
mOLhWWgnFbAmgBLNitF7QcqlYBYz1omofVJZx6O9bSKkz0AsbUrpSewop4jiT3MS+V+wCT9EpSr2DZDQk36anAkeUZvzJ5CNgu2zSUKGaBrTDTjmZw==
NAreFuQoc9XCFbx0WLxEERTW3/YjFxn5r2r2OxoMdz77Qe4snZgYa1H6q2tqSeXw98JUqWpAKfoYFJtqyzup083FQKmJmTiiSnLBOSLmfQ==
6sD6hUr1MV5Bo+7tLBj4gPjp0GtB0u2wR0ZJoOOWbvExF3ycGNq9sR5I0NulGC4cMZfpXmaGTtsr7/i6BIGwfABm6+IVh5y/+rxxW4xjBtYDP+Zm
rW/0kX5GuboO0+kkR8Uf2tNmEzADiCvcPCMjDe+xEnTLpUagwBVbHVzVvZCVhkNsOW4PBOZX5U0cggS45We6wkA1aWoGGgXtqaDaBPYtb4XItCjTeJqU/Es8SaaFqZ72ofUA0e4QdwXmWA==
HXkMLLs962gA022QC89f74r8cVZul5j7KR8Zgem5bSKkz0AsbUrpSewop4jiT3MS+V+wCT9EpSr2DZDQk36anAkeUZvzJ5SJguyzSUKGaBrTDTjmZw==
I6f+tfCcaZFky2JQ/abzY62O40OpnTBtq56+C2JDR8O38SdlIxpqk27MQ1bnceI0qfjMUx0qFwP+yXEYS5KYkT6gHeIUJIeC/3tde1ExzDB9OWxaBiI9ETbmaQ==
Z7T6uBexJGRh0AmknzGMPibLiyCG/gPMmPEYl/7nZ1yMdinZlJOaCikeAV3Nlu+2v3J+/RnjvOCgXg3d1pzwx708flDZI2ninsI+9yP7mGbc5SDwqBKrHi2Hr1Oy6NHHFMfWGmsL5lo=
7Gd/5ZxoU1HZPFi6rjE9ME8X+Bw2TyuKhj2/mH1pq6Jg2S0dtwrw1IEnABkajKXsmfOpzF9AYzA2oy0JXMbMTDXT0qbg0YHelm6NaSkkUnBmmYdhaNBAZ6huXLgLeIFRUZ32koER6OX+ZH8B5lw=
sYf4gWi7jtCoVPRtGR2RuMC0YFp3k5m1PANdx6O9bSKkz0AsbUrpSewop4jiT3MS+V+wCT9EpSr2DZDQk36anAkeUZvzJ5CNguyzSUKGaBrTDTjmZw==
ZBhhbhiCu19dPqVBD4vfpQmpiRdpT8+r+TYfDMYfVbWc+rRwxW+qGgBt+eJmUvXVqZgqTJal/92IbDjbWFIkhMvE+eehoY6uYS2QWQ7YBz3mYA==
zKxaTJnHGsr1mFeVU2xrmCKb0uhIB/XtmEUxEmiHhOwpgiU5MJDDaEbXj4J11zSJu8wpuoqVNLB3xsZsRVaV27fv37hel5dpJp5UCt8FPOZj
a+uwAOZCnuoviHNqKtYpVTA3IiFX/Ny1N24l0NnSdzgWa51x3D58BBXbwv6gCRFW9qZ9USkcorgGERe5KIhQb4gm7ECLADGcdJXlSkFJeG0eLA855mQ=
mo8dsu/HaRqnmMtk1Elcuuvy0WwU0vGwFAYP6ueWbvExF3ycGNq9sR5I0NulGC4cMZfpXmaGTtsr7/i6BIGwfABm6+IVhJ2/+bxxW4xjBtYDP+Zm
hVtN3XCU2NOzydHSk4zjUbLEch78735a3VPIVqqJX0zxFwFVXczwg75qCAAfCNPo1hu9gdxOXPRVi2JuIJnxhraWnWEpLEKIRsH3KagY8D/I1swwi/AR7LVFRdrB2Rg93hxvCeZU
c91GIUdyHk4cmFkaPgr43RTW3/YjFxn5r2r2OxoMdz77Qe4snZgYa1H6q2tqSeXw98JUqWpAKfoYFJtqyzup083BQKuJmTiiSnLBOSLmfQ==
+vKRw+UaRWmkzmgJCEnR3yd2hwjEutn97KLNZUsln4yJjgloM/7OGaGf/BSIMh3ZzoCQE3VwDvQhn+lWdm5us/snuHLU6RCUkO5raoVtPtcpdDGTXAsmPhM35m4=
V7qse79w/uxBY+xqFuRLlg6vI3WmlrFScyDnputXUQn3yh6roowPrlMhNpzVWFA7qdqDm3JJ/YDf4ix5ogDhSkD0M/ozuxFDqGKY20FZcHJyEikJOuZl
ffrSattaaUUR1zHujSLxXyZm2k3EtdTjr+zadgQizNjEzk8iN/7OGaGf/BSIMh3ZzoCQE3VwDvQhn+lWdm5us/snuHLU6RCUkO5raoVkPtcpdDGTXAsmPhM35m4=
AC/wWaXHso/32pkRNnPPWxTW3/YjFxn5r2r2OxoMdz77Qe4snZgYa1H6q2tqSeXw98JUqWpAKfoYFJtqyzup083CQKuJmTiiSnLBOSLmfQ==
PorLZz93qkHySzQcWC3v2SpraU//byaktl5EnSBrVIPMf9md76qW1npAwPiYyiu2/f6Pm8FwEa8E/7aS21Pmcg==
D0e0uAEDjgA93XzJ9rgciSpraUj/byaktl5EnSBrVIPMf9md76qW1npAwPiYyiu2/fGPm8FwEa8E/7aS21Pmcg==
oDt3qZzg770zAoX/WB5lnRTW3/YjFxn5r2r2OxoMdz77Qe4snZgYalH6q2tqSeXw98JUqWpAKfoYFJtqyzup08bFQKuJmTiiSnLBOSLmfQ==
n9r0uJZHgHVfyQOu1kpBZwmpiRdpT8+r+TYfDMYfVbWc+rRwxW+qGgBt+OJmUvXVqZgqTJal/92IbDjbWFIkhMvE+euhoY2uYS2QWQ7YBz3mYA==
568R6IjWOGkOXtdeZ+k4LyKb0uhIB/XtmEUxEmiHhOwpgiU5MJDDaEbWj4J11zSJu8wpuoqVNLB3xsZsRVaV27fv3L1el5dpJp5UCt8FPOZj
vJL+TZ2xuraVKFLIR/ZA6Yr8cVZul5j7KR8Zgem5bSKkz0AsbUrpSewop4jiTnMS+V+wCT9EpSr2DZDQk36anAkeUZvzJ5SIgu6zSUKGaBrTDTjmZw==
1CyzXn0IKWWJQT3RXr75bK2O40OpnTBtq56+C2JDR8O38SdlIxpqk27MQ1bnceI0qfjMUh0qFwP+yXEYS5KYkT6gHeIUJIeC/3tde1ExzDJ9OWxaBiI9ETbmaQ==
HH3EIFSTmlLYitYgYFy5NCbLiyCG/gPMmPEYl/7nZ1yMdinZlJOaCikeAV3Nlu+2v3J+/RnjvOCgXg3d1pzwx7w8flDZI2ninsI+9yP7mGbc5SDwqBKrHi2IrlOw6NHHFMfWGmsL5lo=
q//xZRoTigs+GGZfUXihYU8X+Bw2TyuKhj2/mH1pq6Jg2S0dtwrw1IEnABkajKXsmfOpzF9AYzA2oy0JXMbMTDXT0qbg0YDelm6NaSkkUnBmmYdhaNBAZ6huXLgLeIFUUJ30koER6OX+ZH8B5lw=
EOVQ4LCIMMSmg6C2RyhIa8C0YFp3k5m1PANdx6O9bSKkz0AsbUrpSewop4jiTnMS+V+wCT9EpSr2DZDQk36anAkeUZvzJ5CMgu6zSUKGaBrTDTjmZw==
BoHcFvvcu+BvN2D1h7FKbTA3IiFX/Ny1N24l0NnSdzgWa51x3D58BBXbwv6gCRBW9qZ9USkcorgGERe5KIhQb4gm7ECLADGSdZXrSkFJeG0eLA855mQ=
cDMnMamBeRNW+aufOiFWUbLEch78735a3VPLVqqJX0zxFwFVXczwg75qCAAfCNPo1hu9gdxOXPRVi2JuIJnwhraWnWEpLEKIRsH3KagY8D/I1swwi/AR7rZFS9rB2Rg93hxvCeZU
MxdAh9KTJERqD8KEAlJy2uvy0WwU0vGwFAYP6ueWbvExF3ycGNq9sR5I0NukGC4cMZfpXmaGTtsr7/i6BIGwfABm6+IVgZ6/97xxW4xjBtYDP+Zm
AKG1rl5cHEIHxsSBMjVz5RTW3/YjFxn5r2r2OxoMdz77Qe4snZgYalH6q2tqSeXw98JUqWpAKfoYFJtqyzup08PCQKWJmTiiSnLBOSLmfQ==
JU0kADbucgVA5MPAqQAS3Cd2hwjEutn97KLNZUsln4yJjgloM/7OGaGf/BSIMh3ZzoCQE3RwDvQhn+lWdm5us/snuHLU6RCUkO5raoVkPtcndDGTXAsmPhM35m4=
J4j1nGKQWgQlbhIHoHl4MA6vI3WmlrFScyDnputXUQn3yh6roowPrlMhNpzVWFA6qdqDm3JJ/YDf4ix5ogDhSkD0M/ozuxFDrmOY1UFZcHJyEikJOuZl
eA1+VYfQtJDtyikVbsEkBiZm2k3EtdTjr+zadgQizNjEzk8iN/7OGaGf/BSIMh3ZzoCQE3RwDvQhn+lWdm5us/snuHLU6RCUkO5raoVpP9cndDGTXAsmPhM35m4=
6wmDDR3DdLBV0POk9zOdcBTW3/YjFxn5r2r2OxoMdz77Qe4snZgYalH6q2tqSeXw98JUqWpAKfoYFJtqyzup08PDQKWJmTiiSnLBOSLmfQ==
uEPx/ojxVj69fBq/VJyKoCd2hwjEutn97KLNZUsln4yJjgloM/7OGaGf/BSIMh3ZzoCQE3VwDvQhn+lWdm5us/snuHLU6RCUkO5raoVvOdcndDGTXAsmPhM35m4=
/bNVxtizS+go6hv4x4TEHOvy0WwU0vGwFAYP6ueWbvExF3ycGNq9sR5I0NulGC4cMZfpXmaGTtsr7/i6BIGwfABm6+IVgZm/97xxW4xjBtYDP+Zm
COvz0xr/JY7ISGor7sL9TxTW3/YjFxn5r2r2OxoMdz77Qe4snZgYa1H6q2tqSeXw98JUqWpAKfoYFJtqyzup08DFQKWJmTiiSnLBOSLmfQ==
fXZrs6E/nWgf4J5NcRNahCd2hwjEutn97KLNZUsln4yJjgloM/7OGaGf/BSIMh3ZzoCQE3RwDvQhn+lWdm5us/snuHLU6RCUkO5raoVtPNcmdDGTXAsmPhM35m4=
HriQ9JmCP8BiPSFSCYgGdbORq1oXLcvez3c10du6wmPmTMvmj5FaRHE4tILFSj8T9sl5CGNywMHG4EUSrERvMnf71QvzkLSMpXlUil4C1QE+5mE=
u18lqe/jRliZ2YQ+KmKP7xTW3/YjFxn5r2r2OxoMdz77Qe4snZgYalH6q2tqSeXw98JUqWpAKfoYFJtqyzup08HAQKSJmTiiSnLBOSLmfQ==
tELRtui8MSm20w6SvXJ1/38SifhTTg5pgY/8BKhC3WmuEBCDlMBOBAGP6UZWni4DG7c44rRZ0OSw/mt6pRX8Z0bksQO8u2bOMyfmfg==
bW+mjO9Qj19/4+SneyZK0wC5MXWunLIcZTuk96dZTEGw1Betvs8ErlMhNpzVWFA6qdqDm3JJ/YDf4ix5ogDhSkD0M/ozuxFDqWGY1EFZcHJyEikJOuZl
Et41pp/gL1qAFzUY3sJOPCZV8RVYz//L4L6NvRa88Od8XP6wmQNpwt4ivpfj25hGHIWgEOgyqz5tYi4zfsjR59SnVvorK+Z6
OMfitgL1WvNAms7ljmVDaipraU//byaktl5EnSBrVIPMf9md76qW0npAwPiYyiu2/fmPm85wEa8E/7aS21Pmcg==
Z8UAr9sqBgfzR8A6s20GDmkSifhTTg5pgY/8BKhC3WmuEBCDlcBOBAGP6UZWni4DG7c44rRZ0OSw/mt6pR/9Z0/lsQO8u2bOMyfmfg==
+c5d94ef+mpdl5LQp/nHP0iR6cpAMGmEi3pepclLPFhQFm3FxvSwPw203oiJC2na7greb7MTWB7s7QCoeLorpt3LzUungZE/pE92wjsj5mI=
o2IQnOBD8f5Ks8/SEXErI38SifhTTg5pgY/8BKhC3WmuEBCDlcBOBAGP6UZWni4DG7c44rRZ0OSw/mt6pRj9Z0/lsQO8u2bOMyfmfg==
Bxw8yTvfGDijg+PgW5ITHjYvmQzHuc3mr+PceUo015uVgkE/f7nQEKeDvx+IMh3ZzoCQE3VwDvQhn+lWdm5us/snuHLU6RCUkO5raoVoPtcvdTGTXAsmPhM35m4=
BEeuz4HqnJiP0VP21/ZKoyZV8RVYz//L4L6NvRa88Od9XP6wmQNpwt4ivpfj25hGHIWgEOgyqz5taS4zd8nR59SnVvorK+Z6
shI9MNcewVaFQUmvkE46jX8SifhTTg5pgY/8BKhC3WmuEBCDlcBOBAGP6UZWni4DG7c44rRZ0OSw/mt6pR75Z0/lsQO8u2bOMyfmfg==
kv30YiSmo0hOz5pdDqB6H0Ycqu8IZz+XuMtq9h+tDKy1sxJG4PFBfhbOTUkpBJLQ5jlHQWgwgAcojpzYC5jBN9F9s/OBMahFfsQ/IeZ8
adEqsHbAPSZ+9ly8ypLYD0Ycqu8IZz+XuMtq9h+tDKy1sxJG4PFBfhbOTUkpBJLQ5jlHQWgwgAcojpzYC5jBNtR9svOBMahFfsQ/IeZ8
onznF0Q9NSbz5RmVgpBYmH8SifhTTg5pgY/8BKhC3WmuEBCDlMBOBAGP6UZWni4DG7c44rRZ0OSw/mt6pRr8Z07lsQO8u2bOMyfmfg==
uFv6A79AlSQxgq5gaJAjB0Ucqu8IZz+XuMtq9h+tDKy1sxJG4PFAfhbOTUkpBJLQ5jlHQWgwgAcojpzYC5jBMNV9svOBMahFfsQ/IeZ8
DcLuMXOXkS8kteG0+1egNkUcqu8IZz+XuMtq9h+tDKy1sxJG4PFAfhbOTUkpBJLQ5jlHQWgwgAcojpzYC5jBNdV9svOBMahFfsQ/IeZ8
vaK4JNpz1nKcqfKH0PhR4UYcqu8IZz+XuMtq9h+tDKy1sxJG4PFBfhbOTUkpBJLQ5jlHQWgwgAcojpzYC5jBO9V9svOBMahFfsQ/IeZ8
xWXzbRZWiQpQ2ISlmDO+yipraU//byaktl5EnSBrVIPMf9md76qW0npAwPiYyiu2/f2Pm8ZxEa8E/7aS21Pmcg==
5r3dnjX6seRnZEkaP0iW7ipraU7/byaktl5EnSBrVIPMf9md76qW0npAwPiYyiu2/fuMm8VxEa8E/7aS21Pmcg==
o2QdVcHk7pguDQrpIr/vLSpraU3/byaktl5EnSBrVIPMf9md76qW0npAwPiYyiu2/f2Om8VxEa8E/7aS21Pmcg==
2akt3vpa1bffFgPIgDoZKSlraU7/byaktl5EnSBrVIPMf9md76qW0npAwPiYyiu2/fiPm8VxEa8E/7aS21Pmcg==
WbOo+TI+IfVaC82gWjIt7iZV8RVYz//L4L6NvRa88Od8XP6wmQNpwt4ivpfj25hGHIWgEOgyqz5tYCkzdcnR59SnVvorK+Z6
MPl0rzYbuQsRUZGfH/kjvvXW6BseY5+TjzF/1du6wmPmTMvmj5FaRHE4tILFSj8T9sl5CGNywMHG4EUSrERvMnf71QvylbSHpHlUil4C1QE+5mE=
+1ZrBHvabdzjFUv8gEZOxevy0WwU0vGwFAYP6ueWbvExF3ycGNq9sR5I0NukGC4cMZfpXmaGTtsr7/i6BIGwfABm6+IVgJm//b1xW4xjBtYDP+Zm
gSTW7nUSCh2B60EFswHdce3MqO/yo8tnDD7crPwibwbfwr7NedO80MBuzW22LHB33Iy+YLkTadL+8v5HQ0sY1rxV4MDIIqsuTbhp49VZUXd0dxYqCzvmag==
fhIybvKnSAKWt0ThyF+phXJzM2VW8JC0ZDpokJ+YczgWa51x3D58BBXbwv6gCRBW9qZ9USkcorgGERe5KIhQb4gm7ECLADGbdJXgS0FJeG0eLA855mQ=
q2vXIvFqbvCeWZ8VXLwhsBTW3/YjFxn5r2r2OxoMdz77Qe4snZgYalH6q2tqSeXw98JUqWpAKfoYFJtqyzup08bAQK6ImTiiSnLBOSLmfQ==
DwIp5u/MPDcGKu3VjQMZ3ojgYBc/moj7KR8Zgem5bSKkz0AsbUrpSewop4jiTnMS+V+wCT9EpSr2DZDQk36anAkeUZvzJ5OIguqySUKGaBrTDTjmZw==
4IWN0N9TmwFWR1dOcIsU9N7BFUZzsjVvGWKe02v4gWlUGw4SphBjwpZaUuU0awAdGx4iIuGKneenhZGSyEek7ElCxblQUCNoJhZvAhUX1InbjMk66tXUsBeGJuwlFnXbl69/Of7StmkG3vSKf0Uc5kM=
ULqzPOWtskX27PKgP7gG5F3+YjujlapSajrnputXUQn3yh6roowPrlMhNpzVWFA6qdqDm3JJ/YDf4ix5ogDhSkD0M/ozuxFDqmGY3kBZcHJyEikJOuZl
ktOYFSRET3HHsQPFuysFy97BFUZzsjVvGWKe02v4gWlUGw4RphBjwpZaUuU0awAdGx4iIuGKneenhZGSyEek7ElCxblQUCNoJhZvAhUX1InbjMk66tXUsBeGJuwlFnXbl694Ov7StmkG3vSKf0Uc5kM=
rfMkV8RBsPF2f76nGip+H7KZqO/2788zWCfGrPwibwbfwr7NedO80MBuzW22LHB33Iy+YLkTadL+8v5HQ0sY1rxV4MDIIqsuTbdu49RZUXd0dxYqCzvmag==
b1LMx3DdXcG7jcCplIUw9evy0WwU0vGwFAYP6ueWbvExF3ycGNq9sR5I0NukGC4cMZfpXmaGTtsr7/i6BIGwfABm6+IVjZ6//L1xW4xjBtYDP+Zm
mXqI/2HB+XunZQp4hyIgW13+YjujlapSajrnputXUQn3yh6roowPrlMhNpzVWFA6qdqDm3JJ/YDf4ix5ogDhSkD0M/ozuxFDr2OY3kBZcHJyEikJOuZl
hGolq/bS2m725g2YewatDuvy0WwU0vGwFAYP6ueWbvExF3ycGNq9sR5I0NukGC4cMZfpXmaGTtsr7/i6BIGwfABm6+IVh5+//L1xW4xjBtYDP+Zm
iPiG9gcVcMY7zIdgvMCD+RTW3/YjFxn5r2r2OxoMdz77Qe4snZgYalH6q2tqSeXw98JUqWpAKfoYFJtqyzup08bDQK6ImTiiSnLBOSLmfQ==
c+0ltbT/170zZReE+5WQrSlraU7/byaktl5EnSBrVIPMf9md76qW0npAwPiYyiu2/fyIm8RxEa8E/7aS21Pmcg==
a4tUMmRWwkqriYd8JXoSVhENP5o46n3B/thQS8DobiwRh+lORrYOK0t/eCrk8XBMIHbr8jW3Xc8bLfHL7JNG5iMv5nY=
Ag2qyaNgfqJaroBXl7wvDEYcqu8IZz+XuMtq9h+tDKy1sxJG4PFEfhbOTUkpBJLQ5jlHQWgwgAcojpzYC5jBMtZ9t/OBMahFfsQ/IeZ8
r4jVxwvehxeVd73JUM3uTsv3js3B51PBlhYC6PwnnNWUwQg5Edcj5EaArhYYokSUy9QZl2bxLx/h3fCJTugnLeZw
Cww3I9vu031l9MwpzdOcUH8SifhTTg5pgY/8BKhC3WmuEBCDlMBOBAGP6UZWni4DG7c44rRZ0OSw/mt6pRj4Z0vlsQO8u2bOMyfmfg==
U+wFjAkI2KLY72hsYsTj2WAdiaAv/z4wX2lEGGXH+uJAVSiKhnrFzamAGmR2zS/lyJRoc/g61BxLXIkOAAlf16EVwLFu8Dcl5ng=
z5AE/U5+pshM0S9p5IxWCHcYlON24SQhX2lEGGXH+uJAVSiKhnrFzamAGmR2zS/lyJRoc/g61BxLXIkHAQlf16EVwLFu8Dcl5ng=
Djw52A0JCvg7RU79qtGIFEjD7tBccyfS0D1Os8hHf1NQFm3FxvSwPwi03oiJC2na7greb7MTWB7s7QCoeLorpt3NyEuigZE/pE92wjsj5mI=
D4FxBPNayD934vmtM+qHPjYU+BdS3v/L4L6NvRa88Od4XP6wmQNpwt4ivpfj25hGHIWgEOgyqz5tYCkzcsnR59SnVvorK+Z6
jmvOvbEpkXhGTkvtaNMwICpraUj/byaktl5EnSBrVIPMf9md76qW1npAwPiYyiu2/fmMm8FxEa8E/7aS21Pmcg==
+AGinWC64tGZEZcbhiA4ERENP5o46n3B/thQS8DobiwRh+lORrYOK0t/eCrk8XBMIHbr8jWxXc8ZLfHL7JNG5iMv5nY=
x+uiaZ1qRVszqpxhh8deUW10M21c896if3k53JGFO38IYpttnzV8BBXbwv6gCRRW9qZ9USkcorgGERe5KIhQb4gm7ECLADGadpXlS0FJeG0eLA855mQ=
etdy1Eegcl1n+7hTI8aEGMvxLBwwmJ+zPgMVyb71KjytyVxvZkrpSewop4jiSnMS+V+wCT9EpSr2DZDQk36anAkeUZvzJ5SKgu+ySUKGaBrTDTjmZw==
WqKpEGmpmxOPt6JQMJ82+UjD7tBccyfS0D1Os8hHf1NQFm3FxvSwPw203oiJC2na7greb7MTWB7s7QCoeLorpt3KyEuhgZE/pE92wjsj5mI=
dkMmyUEd59fyXbqQfAHxXjYU+BdS3v/L4L6NvRa88Od9XP6wmQNpwt4ivpfj25hGHIWgEOgyqz5tZSgzccnR59SnVvorK+Z6
cH11cOxa27Huqxxf2iILNypraU//byaktl5EnSBrVIPMf9md76qW1npAwPiYyiu2/fCJm8FxEa8E/7aS21Pmcg==
RKcAWhWW7rQOFFol3ga60ypraU//byaktl5EnSBrVIPMf9md76qW1npAwPiYyiu2/f6Mm8BxEa8E/7aS21Pmcg==
2pIelSfksJjE9+LhovviQRENP5o46n3B/thQS8LobiwRh+lORrYOK0t/eCrk8XBMIHbr8jW0X88YLfHL7JNG5iMv5nY=
sAY9C+b4lOru3xBW61BfgEjD7tBccyfS0D1Os8hHf1NQFm3FxvSwPwq03oiJC2na7greb7MTWB7s7QCoeLorpt3Mz0uggZE/pE92wjsj5mI=
gDTb1hbWwfJqK5balJqXPzYU+BdS3v/L4L6NvRa88Od6XP6wmQNpwt4ivpfj25hGHIWgEOgyqz5tZy8zcMnR59SnVvorK+Z6
